# JRE version: OpenJDK Runtime Environment (8.0_242-b01) (build 1.8.0_242-release-1644-b01)
# Java VM: OpenJDK 64-Bit Server VM (25.242-b01 mixed mode windows-amd64 compressed oops)
Heap:
 PSYoungGen      total 68608K, used 43604K [0x00000000d7300000, 0x00000000dbb00000, 0x0000000100000000)
  eden space 63488K, 68% used [0x00000000d7300000,0x00000000d9d95298,0x00000000db100000)
  from space 5120K, 0% used [0x00000000db600000,0x00000000db600000,0x00000000dbb00000)
  to   space 5120K, 0% used [0x00000000db100000,0x00000000db100000,0x00000000db600000)
 ParOldGen       total 128512K, used 33504K [0x0000000085800000, 0x000000008d580000, 0x00000000d7300000)
  object space 128512K, 26% used [0x0000000085800000,0x00000000878b8070,0x000000008d580000)
 Metaspace       used 38489K, capacity 39140K, committed 39552K, reserved 1083392K
  class space    used 4783K, capacity 4943K, committed 4992K, reserved 1048576K
GC Heap History (10 events):
Event: 1.507 GC heap before
{Heap before GC invocations=4 (full 0):
 PSYoungGen      total 36864K, used 8386K [0x00000000d7300000, 0x00000000dbb00000, 0x0000000100000000)
  eden space 31744K, 10% used [0x00000000d7300000,0x00000000d76366d8,0x00000000d9200000)
  from space 5120K, 99% used [0x00000000d9200000,0x00000000d96fa2a0,0x00000000d9700000)
  to   space 5120K, 0% used [0x00000000db600000,0x00000000db600000,0x00000000dbb00000)
 ParOldGen       total 84992K, used 23834K [0x0000000085800000, 0x000000008ab00000, 0x00000000d7300000)
  object space 84992K, 28% used [0x0000000085800000,0x0000000086f46b78,0x000000008ab00000)
 Metaspace       used 20722K, capacity 21096K, committed 21248K, reserved 1069056K
  class space    used 2374K, capacity 2504K, committed 2560K, reserved 1048576K
Event: 1.514 GC heap after
Heap after GC invocations=4 (full 0):
 PSYoungGen      total 68608K, used 5096K [0x00000000d7300000, 0x00000000dbb00000, 0x0000000100000000)
  eden space 63488K, 0% used [0x00000000d7300000,0x00000000d7300000,0x00000000db100000)
  from space 5120K, 99% used [0x00000000db600000,0x00000000dbafa2b0,0x00000000dbb00000)
  to   space 5120K, 0% used [0x00000000db100000,0x00000000db100000,0x00000000db600000)
 ParOldGen       total 84992K, used 24536K [0x0000000085800000, 0x000000008ab00000, 0x00000000d7300000)
  object space 84992K, 28% used [0x0000000085800000,0x0000000086ff6028,0x000000008ab00000)
 Metaspace       used 20722K, capacity 21096K, committed 21248K, reserved 1069056K
  class space    used 2374K, capacity 2504K, committed 2560K, reserved 1048576K
}
Event: 1.514 GC heap before
{Heap before GC invocations=5 (full 1):
 PSYoungGen      total 68608K, used 5096K [0x00000000d7300000, 0x00000000dbb00000, 0x0000000100000000)
  eden space 63488K, 0% used [0x00000000d7300000,0x00000000d7300000,0x00000000db100000)
  from space 5120K, 99% used [0x00000000db600000,0x00000000dbafa2b0,0x00000000dbb00000)
  to   space 5120K, 0% used [0x00000000db100000,0x00000000db100000,0x00000000db600000)
 ParOldGen       total 84992K, used 24536K [0x0000000085800000, 0x000000008ab00000, 0x00000000d7300000)
  object space 84992K, 28% used [0x0000000085800000,0x0000000086ff6028,0x000000008ab00000)
 Metaspace       used 20722K, capacity 21096K, committed 21248K, reserved 1069056K
  class space    used 2374K, capacity 2504K, committed 2560K, reserved 1048576K
Event: 1.597 GC heap after
Heap after GC invocations=5 (full 1):
 PSYoungGen      total 68608K, used 0K [0x00000000d7300000, 0x00000000dbb00000, 0x0000000100000000)
  eden space 63488K, 0% used [0x00000000d7300000,0x00000000d7300000,0x00000000db100000)
  from space 5120K, 0% used [0x00000000db600000,0x00000000db600000,0x00000000dbb00000)
  to   space 5120K, 0% used [0x00000000db100000,0x00000000db100000,0x00000000db600000)
 ParOldGen       total 86016K, used 19972K [0x0000000085800000, 0x000000008ac00000, 0x00000000d7300000)
  object space 86016K, 23% used [0x0000000085800000,0x0000000086b81348,0x000000008ac00000)
 Metaspace       used 20722K, capacity 21096K, committed 21248K, reserved 1069056K
  class space    used 2374K, capacity 2504K, committed 2560K, reserved 1048576K
}
Event: 2.827 GC heap before
{Heap before GC invocations=6 (full 1):
 PSYoungGen      total 68608K, used 63488K [0x00000000d7300000, 0x00000000dbb00000, 0x0000000100000000)
  eden space 63488K, 100% used [0x00000000d7300000,0x00000000db100000,0x00000000db100000)
  from space 5120K, 0% used [0x00000000db600000,0x00000000db600000,0x00000000dbb00000)
  to   space 5120K, 0% used [0x00000000db100000,0x00000000db100000,0x00000000db600000)
 ParOldGen       total 86016K, used 19972K [0x0000000085800000, 0x000000008ac00000, 0x00000000d7300000)
  object space 86016K, 23% used [0x0000000085800000,0x0000000086b81348,0x000000008ac00000)
 Metaspace       used 29483K, capacity 29992K, committed 30336K, reserved 1075200K
  class space    used 3711K, capacity 3852K, committed 3968K, reserved 1048576K
Event: 2.847 GC heap after
Heap after GC invocations=6 (full 1):
 PSYoungGen      total 68608K, used 5111K [0x00000000d7300000, 0x00000000dbb00000, 0x0000000100000000)
  eden space 63488K, 0% used [0x00000000d7300000,0x00000000d7300000,0x00000000db100000)
  from space 5120K, 99% used [0x00000000db100000,0x00000000db5fdc80,0x00000000db600000)
  to   space 5120K, 0% used [0x00000000db600000,0x00000000db600000,0x00000000dbb00000)
 ParOldGen       total 86016K, used 30031K [0x0000000085800000, 0x000000008ac00000, 0x00000000d7300000)
  object space 86016K, 34% used [0x0000000085800000,0x0000000087553f40,0x000000008ac00000)
 Metaspace       used 29483K, capacity 29992K, committed 30336K, reserved 1075200K
  class space    used 3711K, capacity 3852K, committed 3968K, reserved 1048576K
}
Event: 3.447 GC heap before
{Heap before GC invocations=7 (full 1):
 PSYoungGen      total 68608K, used 34436K [0x00000000d7300000, 0x00000000dbb00000, 0x0000000100000000)
  eden space 63488K, 46% used [0x00000000d7300000,0x00000000d8fa33b0,0x00000000db100000)
  from space 5120K, 99% used [0x00000000db100000,0x00000000db5fdc80,0x00000000db600000)
  to   space 5120K, 0% used [0x00000000db600000,0x00000000db600000,0x00000000dbb00000)
 ParOldGen       total 86016K, used 30031K [0x0000000085800000, 0x000000008ac00000, 0x00000000d7300000)
  object space 86016K, 34% used [0x0000000085800000,0x0000000087553f40,0x000000008ac00000)
 Metaspace       used 34565K, capacity 35112K, committed 35416K, reserved 1081344K
  class space    used 4365K, capacity 4530K, committed 4608K, reserved 1048576K
Event: 3.460 GC heap after
Heap after GC invocations=7 (full 1):
 PSYoungGen      total 68608K, used 5091K [0x00000000d7300000, 0x00000000dbb00000, 0x0000000100000000)
  eden space 63488K, 0% used [0x00000000d7300000,0x00000000d7300000,0x00000000db100000)
  from space 5120K, 99% used [0x00000000db600000,0x00000000dbaf8c60,0x00000000dbb00000)
  to   space 5120K, 0% used [0x00000000db100000,0x00000000db100000,0x00000000db600000)
 ParOldGen       total 86016K, used 37824K [0x0000000085800000, 0x000000008ac00000, 0x00000000d7300000)
  object space 86016K, 43% used [0x0000000085800000,0x0000000087cf01a0,0x000000008ac00000)
 Metaspace       used 34565K, capacity 35112K, committed 35416K, reserved 1081344K
  class space    used 4365K, capacity 4530K, committed 4608K, reserved 1048576K
}
Event: 3.460 GC heap before
{Heap before GC invocations=8 (full 2):
 PSYoungGen      total 68608K, used 5091K [0x00000000d7300000, 0x00000000dbb00000, 0x0000000100000000)
  eden space 63488K, 0% used [0x00000000d7300000,0x00000000d7300000,0x00000000db100000)
  from space 5120K, 99% used [0x00000000db600000,0x00000000dbaf8c60,0x00000000dbb00000)
  to   space 5120K, 0% used [0x00000000db100000,0x00000000db100000,0x00000000db600000)
 ParOldGen       total 86016K, used 37824K [0x0000000085800000, 0x000000008ac00000, 0x00000000d7300000)
  object space 86016K, 43% used [0x0000000085800000,0x0000000087cf01a0,0x000000008ac00000)
 Metaspace       used 34565K, capacity 35112K, committed 35416K, reserved 1081344K
  class space    used 4365K, capacity 4530K, committed 4608K, reserved 1048576K
Event: 3.578 GC heap after
Heap after GC invocations=8 (full 2):
 PSYoungGen      total 68608K, used 0K [0x00000000d7300000, 0x00000000dbb00000, 0x0000000100000000)
  eden space 63488K, 0% used [0x00000000d7300000,0x00000000d7300000,0x00000000db100000)
  from space 5120K, 0% used [0x00000000db600000,0x00000000db600000,0x00000000dbb00000)
  to   space 5120K, 0% used [0x00000000db100000,0x00000000db100000,0x00000000db600000)
 ParOldGen       total 128512K, used 33504K [0x0000000085800000, 0x000000008d580000, 0x00000000d7300000)
  object space 128512K, 26% used [0x0000000085800000,0x00000000878b8070,0x000000008d580000)
 Metaspace       used 34565K, capacity 35112K, committed 35416K, reserved 1081344K
  class space    used 4365K, capacity 4530K, committed 4608K, reserved 1048576K
}

